<?xml version="1.0" encoding="UTF-8"?>
<testsuite xmlns:xsi="http://www.w3.org/2001/XMLSchema-instance" xsi:noNamespaceSchemaLocation="https://maven.apache.org/surefire/maven-surefire-plugin/xsd/surefire-test-report.xsd" name="office.MeetingSchedulerTest" time="0.139" tests="6" errors="0" skipped="0" failures="0">
  <properties>
[...]
</properties>
  <testcase name="shouldParseMeetingRequest" classname="office.MeetingSchedulerTest" time="0.073"/>
  <testcase name="shouldGroupMeetingsChronologically" classname="office.MeetingSchedulerTest" time="0.003"/>
  <testcase name="shouldParseOfficeHours" classname="office.MeetingSchedulerTest" time="0"/>
  <testcase name="shouldNotHaveOverlappingMeetings" classname="office.MeetingSchedulerTest" time="0"/>
  <testcase name="shouldNotBookMeetingRoomOutsideOfficeHours" classname="office.MeetingSchedulerTest" time="0"/>
  <testcase name="shouldProcessMeetingsInChronologicalOrderOfSubmission" classname="office.MeetingSchedulerTest" time="0.001"/>
</testsuite>