<?xml version="1.0" encoding="UTF-8"?>
<testsuite xmlns:xsi="http://www.w3.org/2001/XMLSchema-instance" xsi:noNamespaceSchemaLocation="https://maven.apache.org/surefire/maven-surefire-plugin/xsd/surefire-test-report.xsd" name="office.MeetingSchedulePrinterTest" time="0.003" tests="1" errors="0" skipped="0" failures="1">
  <properties>
[...]
</properties>
  <testcase name="shouldPrintMeetingSchedule" classname="office.MeetingSchedulePrinterTest" time="0.003">
    <failure message="expected:&lt;2011-03-2[1&#10;09:00 11:00 EMP002&#10;2011-03-22&#10;14:00 16:00 EMP003&#10;16:00 17:00 EMP004]&#10;&gt; but was:&lt;2011-03-2[2&#10;16:00 17:00 EMP004&#10;14:00 16:00 EMP003&#10;2011-03-21&#10;09:00 11:00 EMP002]&#10;&gt;" type="org.junit.ComparisonFailure"><![CDATA[org.junit.ComparisonFailure: 
expected:<2011-03-2[1
09:00 11:00 EMP002
2011-03-22
14:00 16:00 EMP003
16:00 17:00 EMP004]
> but was:<2011-03-2[2
16:00 17:00 EMP004
14:00 16:00 EMP003
2011-03-21
09:00 11:00 EMP002]
>
	at office.MeetingSchedulePrinterTest.shouldPrintMeetingSchedule(MeetingSchedulePrinterTest.java:50)
]]></failure>
    <system-out><![CDATA[EmployeeId:EMP005 has requested booking which is outside office hour.
]]></system-out>
  </testcase>
</testsuite>